<?xml version="1.0" encoding="UTF-8"?>
<persistence version="2.1"
	xmlns="http://xmlns.jcp.org/xml/ns/persistence" xmlns:xsi="http://www.w3.org/2001/XMLSchema-instance"
	xsi:schemaLocation="http://xmlns.jcp.org/xml/ns/persistence/persistence_2_1.xsd">

	<persistence-unit name="mems">
		<jta-data-source>java:jboss/datasources/test_mems</jta-data-source>
		<class>arrow.mems.persistence.entity.AbstractApprovalEntity</class>
	    <class>arrow.mems.persistence.mapped.AbstractApprovalEntityMapped</class>
	    <class>arrow.mems.persistence.entity.AbstractDeletable</class>
	    <class>arrow.mems.persistence.mapped.AbstractDeletableMapped</class>
	    <class>arrow.mems.persistence.entity.AbstractEntity</class>
	    <class>arrow.mems.persistence.mapped.AbstractEntityMapped</class>
	    <class>arrow.mems.persistence.entity.AcquisitionMaster</class>
	    <class>arrow.mems.persistence.mapped.AcquisitionMasterMapped</class>
	    <class>arrow.mems.persistence.entity.ActionBill</class>
	    <class>arrow.mems.persistence.mapped.ActionBillMapped</class>
	    <class>arrow.mems.persistence.entity.ActionLog</class>
	    <class>arrow.mems.persistence.mapped.ActionLogMapped</class>
	    <class>arrow.mems.persistence.entity.ActionTypeMaster</class>
	    <class>arrow.mems.persistence.mapped.ActionTypeMasterMapped</class>
	    <class>arrow.mems.persistence.entity.Address</class>
	    <class>arrow.mems.persistence.mapped.AddressMapped</class>
	    <class>arrow.mems.persistence.entity.AlertByCount</class>
	    <class>arrow.mems.persistence.mapped.AlertByCountMapped</class>
	    <class>arrow.mems.persistence.entity.ApprovalConfig</class>
	    <class>arrow.mems.persistence.mapped.ApprovalConfigMapped</class>
	    <class>arrow.mems.persistence.entity.ApprovalLevel</class>
	    <class>arrow.mems.persistence.mapped.ApprovalLevelMapped</class>
	    <class>arrow.mems.persistence.entity.ApprovalLevelSupervisor</class>
	    <class>arrow.mems.persistence.mapped.ApprovalLevelSupervisorMapped</class>
	    <class>arrow.mems.persistence.entity.ApprovalSummary</class>
	    <class>arrow.mems.persistence.mapped.ApprovalSummaryMapped</class>
	    <class>arrow.mems.persistence.entity.ApprovalSummaryHistory</class>
	    <class>arrow.mems.persistence.mapped.ApprovalSummaryHistoryMapped</class>
	    <class>arrow.mems.persistence.entity.BookmarkDoc</class>
	    <class>arrow.mems.persistence.mapped.BookmarkDocMapped</class>
	    <class>arrow.mems.persistence.entity.BookmarkVideo</class>
	    <class>arrow.mems.persistence.mapped.BookmarkVideoMapped</class>
	    <class>arrow.mems.persistence.entity.Budget</class>
	    <class>arrow.mems.persistence.mapped.BudgetMapped</class>
	    <class>arrow.mems.persistence.entity.Checklist</class>
	    <class>arrow.mems.persistence.mapped.ChecklistMapped</class>
	    <class>arrow.mems.persistence.entity.ChecklistItem</class>
	    <class>arrow.mems.persistence.mapped.ChecklistItemMapped</class>
	    <class>arrow.mems.persistence.entity.Contract</class>
	    <class>arrow.mems.persistence.mapped.ContractMapped</class>
	    <class>arrow.mems.persistence.entity.Corporate</class>
	    <class>arrow.mems.persistence.mapped.CorporateMapped</class>
	    <class>arrow.mems.persistence.entity.CountRecord</class>
	    <class>arrow.mems.persistence.mapped.CountRecordMapped</class>
	    <class>arrow.mems.persistence.entity.Device</class>
	    <class>arrow.mems.persistence.mapped.DeviceMapped</class>
	    <class>arrow.mems.persistence.entity.Document</class>
	    <class>arrow.mems.persistence.mapped.DocumentMapped</class>
	    <class>arrow.mems.persistence.entity.Fault</class>
	    <class>arrow.mems.persistence.mapped.FaultMapped</class>
	    <class>arrow.mems.persistence.entity.Hospital</class>
	    <class>arrow.mems.persistence.mapped.HospitalMapped</class>
	    <class>arrow.mems.persistence.entity.HospitalDept</class>
	    <class>arrow.mems.persistence.mapped.HospitalDeptMapped</class>
	    <class>arrow.mems.persistence.entity.HumanResource</class>
	    <class>arrow.mems.persistence.mapped.HumanResourceMapped</class>
	    <class>arrow.mems.persistence.entity.MdevChecklist</class>
	    <class>arrow.mems.persistence.mapped.MdevChecklistMapped</class>
	    <class>arrow.mems.persistence.entity.MdevChecklistItem</class>
	    <class>arrow.mems.persistence.mapped.MdevChecklistItemMapped</class>
	    <class>arrow.mems.persistence.entity.MdevOperator</class>
	    <class>arrow.mems.persistence.mapped.MdevOperatorMapped</class>
	    <class>arrow.mems.persistence.entity.MdevPurchase</class>
	    <class>arrow.mems.persistence.mapped.MdevPurchaseMapped</class>
	    <class>arrow.mems.persistence.entity.MtCountry</class>
	    <class>arrow.mems.persistence.mapped.MtCountryMapped</class>
	    <class>arrow.mems.persistence.entity.MtCurrency</class>
	    <class>arrow.mems.persistence.mapped.MtCurrencyMapped</class>
	    <class>arrow.mems.persistence.entity.MDevice</class>
	    <class>arrow.mems.persistence.mapped.MDeviceMapped</class>
	    <class>arrow.mems.persistence.entity.NoticeLog</class>
	    <class>arrow.mems.persistence.mapped.NoticeLogMapped</class>
	    <class>arrow.mems.persistence.entity.Office</class>
	    <class>arrow.mems.persistence.mapped.OfficeMapped</class>
	    <class>arrow.mems.persistence.entity.OperationLog</class>
	    <class>arrow.mems.persistence.mapped.OperationLogMapped</class>
	    <class>arrow.mems.persistence.entity.PartsList</class>
	    <class>arrow.mems.persistence.mapped.PartsListMapped</class>
	    <class>arrow.mems.persistence.entity.PartEstimate</class>
	    <class>arrow.mems.persistence.mapped.PartEstimateMapped</class>
	    <class>arrow.mems.persistence.entity.PartEstimateItem</class>
	    <class>arrow.mems.persistence.mapped.PartEstimateItemMapped</class>
	    <class>arrow.mems.persistence.entity.PartOrder</class>
	    <class>arrow.mems.persistence.mapped.PartOrderMapped</class>
	    <class>arrow.mems.persistence.entity.PartOrderItem</class>
	    <class>arrow.mems.persistence.mapped.PartOrderItemMapped</class>
	    <class>arrow.mems.persistence.entity.Person</class>
	    <class>arrow.mems.persistence.mapped.PersonMapped</class>
	    <class>arrow.mems.persistence.entity.PersonClass</class>
	    <class>arrow.mems.persistence.mapped.PersonClassMapped</class>
	    <class>arrow.mems.persistence.entity.PresetPhrases</class>
	    <class>arrow.mems.persistence.mapped.PresetPhrasesMapped</class>
	    <class>arrow.mems.persistence.entity.Repairman</class>
	    <class>arrow.mems.persistence.mapped.RepairmanMapped</class>
	    <class>arrow.mems.persistence.entity.ReplPart</class>
	    <class>arrow.mems.persistence.mapped.ReplPartMapped</class>
	    <class>arrow.mems.persistence.entity.RoleMaster</class>
	    <class>arrow.mems.persistence.mapped.RoleMasterMapped</class>
	    <class>arrow.mems.persistence.entity.Schedule</class>
	    <class>arrow.mems.persistence.mapped.ScheduleMapped</class>
	    <class>arrow.mems.persistence.entity.ScheduleItem</class>
	    <class>arrow.mems.persistence.mapped.ScheduleItemMapped</class>
	    <class>arrow.mems.persistence.entity.SearchCondition</class>
	    <class>arrow.mems.persistence.mapped.SearchConditionMapped</class>
	    <class>arrow.mems.persistence.entity.Users</class>
	    <class>arrow.mems.persistence.mapped.UsersMapped</class>
	  	<class>arrow.framework.persistence.datatype</class>
	    <exclude-unlisted-classes>false</exclude-unlisted-classes>

		<properties>
			<property name="hibernate.transaction.jta.platform"
				value="org.hibernate.service.jta.platform.internal.JBossAppServerJtaPlatform" />
		</properties>

	</persistence-unit>
</persistence>