<?xml version="1.0" encoding="UTF-8"?>
<!-- Generated by org.testng.reporters.JUnitReportReporter -->
<testsuite hostname="vanlongdao-MS-7817" name="arrow.mems.service.UserProfileServiceTest" tests="1" failures="0" timestamp="4 Sep 2014 04:45:12 GMT" time="16.375" errors="0">
  <testcase name="testUpdatePassword" time="16.375" classname="arrow.mems.service.UserProfileServiceTest"/>
</testsuite> <!-- arrow.mems.service.UserProfileServiceTest -->
