<?xml version="1.0" encoding="UTF-8"?>
<!-- Generated by org.testng.reporters.JUnitReportReporter -->
<testsuite hostname="vanlongdao-MS-7817" name="arrow.mems.service.MasterDashboardServiceTest" tests="33" failures="0" timestamp="8 Oct 2014 11:09:52 GMT" time="160.987" errors="0">
  <testcase name="testGetCountScheItemFilterByStartToEndDate" time="4.715" classname="arrow.mems.service.MasterDashboardServiceTest"/>
  <testcase name="testGetListContactDepartment" time="5.179" classname="arrow.mems.service.MasterDashboardServiceTest"/>
  <testcase name="testGetSumTotalPayByHospDeptCode" time="5.120" classname="arrow.mems.service.MasterDashboardServiceTest"/>
  <testcase name="testGetTotalRepairCurrentMonthOfAllTask" time="4.467" classname="arrow.mems.service.MasterDashboardServiceTest"/>
  <testcase name="testGetTotalRepairItemOfYearDepartment" time="4.322" classname="arrow.mems.service.MasterDashboardServiceTest"/>
  <testcase name="testGetTotalRepairItemCostDepartment" time="4.515" classname="arrow.mems.service.MasterDashboardServiceTest"/>
  <testcase name="testGetTotalRepairDoingMyTaskByHospPnsCode" time="4.624" classname="arrow.mems.service.MasterDashboardServiceTest"/>
  <testcase name="testGetTotalRepairItemCostAllTasks" time="4.635" classname="arrow.mems.service.MasterDashboardServiceTest"/>
  <testcase name="testGetDeliverySchedule" time="6.149" classname="arrow.mems.service.MasterDashboardServiceTest"/>
  <testcase name="testGetScheItemFilterByStartToEndDate" time="5.842" classname="arrow.mems.service.MasterDashboardServiceTest"/>
  <testcase name="testGetTotalRepairItemOfYearAllTasks" time="4.543" classname="arrow.mems.service.MasterDashboardServiceTest"/>
  <testcase name="testGetListContactOfMyTask" time="5.097" classname="arrow.mems.service.MasterDashboardServiceTest"/>
  <testcase name="testGetTotalRepairDoingAllTask" time="4.498" classname="arrow.mems.service.MasterDashboardServiceTest"/>
  <testcase name="testGetNoticeLogByOfficeCode" time="4.546" classname="arrow.mems.service.MasterDashboardServiceTest"/>
  <testcase name="testGetTotalRepairDoingDepartment" time="4.383" classname="arrow.mems.service.MasterDashboardServiceTest"/>
  <testcase name="testGetActionLogForPaidList" time="4.842" classname="arrow.mems.service.MasterDashboardServiceTest"/>
  <testcase name="testGetActionLogByTotalPayAndPayDate" time="6.308" classname="arrow.mems.service.MasterDashboardServiceTest"/>
  <testcase name="testGetTotalRepairNotStartAllTask" time="4.903" classname="arrow.mems.service.MasterDashboardServiceTest"/>
  <testcase name="testGetTotalRepairNotStartMyTask" time="4.544" classname="arrow.mems.service.MasterDashboardServiceTest"/>
  <testcase name="testGetHospitalDeptByOfficeCode" time="4.580" classname="arrow.mems.service.MasterDashboardServiceTest"/>
  <testcase name="testGetListContactOfMyTaskByHospPnsCode" time="5.183" classname="arrow.mems.service.MasterDashboardServiceTest"/>
  <testcase name="testGetTotalRepairNotStartMyTaskByHospPnsCode" time="4.354" classname="arrow.mems.service.MasterDashboardServiceTest"/>
  <testcase name="testGetTotalRepairCostCurrentMonthOfMyTask" time="4.977" classname="arrow.mems.service.MasterDashboardServiceTest"/>
  <testcase name="testGetTotalRepairCurrentMonthOfMyTask" time="4.516" classname="arrow.mems.service.MasterDashboardServiceTest"/>
  <testcase name="testGetBudgetForBudgetStatus" time="4.648" classname="arrow.mems.service.MasterDashboardServiceTest"/>
  <testcase name="testGetTotalRepairCurrentMonthOfMyTaskByHospPsnCode" time="4.410" classname="arrow.mems.service.MasterDashboardServiceTest"/>
  <testcase name="testGetTotalRepairCostCurrentMonthOfMyTaskByHospPnsCode" time="5.487" classname="arrow.mems.service.MasterDashboardServiceTest"/>
  <testcase name="testGetTotalRepairCostCurrentMonthOfAllTask" time="4.453" classname="arrow.mems.service.MasterDashboardServiceTest"/>
  <testcase name="testGetTotalRepairOfCurrentMonthDepartment" time="5.885" classname="arrow.mems.service.MasterDashboardServiceTest"/>
  <testcase name="testGetTotalRepairNotStartDepartment" time="4.500" classname="arrow.mems.service.MasterDashboardServiceTest"/>
  <testcase name="testGetTotalRepairDoingMyTask" time="4.465" classname="arrow.mems.service.MasterDashboardServiceTest"/>
  <testcase name="testGetTotalRepairCostCurrentMonthDepartment" time="4.804" classname="arrow.mems.service.MasterDashboardServiceTest"/>
  <testcase name="testGetListContactOfAllTask" time="5.493" classname="arrow.mems.service.MasterDashboardServiceTest"/>
</testsuite> <!-- arrow.mems.service.MasterDashboardServiceTest -->
