<?xml version="1.0" encoding="UTF-8"?>
<!-- Generated by org.testng.reporters.JUnitReportReporter -->
<testsuite hostname="vanlongdao-MS-7817" name="arrow.mems.service.DevicesManagementServiceTest" tests="1" failures="0" timestamp="8 Oct 2014 07:12:17 GMT" time="5.660" errors="0">
  <testcase name="testGetAllPartsListOfMasterDevice" time="5.660" classname="arrow.mems.service.DevicesManagementServiceTest"/>
</testsuite> <!-- arrow.mems.service.DevicesManagementServiceTest -->
