<?xml version="1.0" encoding="UTF-8"?>
<!-- Generated by org.testng.reporters.JUnitReportReporter -->
<testsuite hostname="vanlongdao-MS-7817" name="arrow.mems.service.RecoverPasswordServiceTest" tests="3" failures="0" timestamp="5 Sep 2014 05:58:11 GMT" time="16.120" errors="0">
  <testcase name="testSendEmployeeInfo" time="15.470" classname="arrow.mems.service.RecoverPasswordServiceTest"/>
  <testcase name="testUpdateSessionId" time="0.286" classname="arrow.mems.service.RecoverPasswordServiceTest"/>
  <testcase name="testUpdatePassword" time="0.364" classname="arrow.mems.service.RecoverPasswordServiceTest"/>
</testsuite> <!-- arrow.mems.service.RecoverPasswordServiceTest -->
