<?xml version="1.0" encoding="UTF-8"?>
<!-- Generated by org.testng.reporters.JUnitReportReporter -->
<testsuite hostname="vanlongdao-MS-7817" name="arrow.mdms.service.UserServiceTest" tests="5" failures="0" timestamp="20 Aug 2014 06:19:56 GMT" time="0.803" errors="0">
  <testcase name="testUpdateUser2" time="0.089" classname="arrow.mdms.service.UserServiceTest"/>
  <testcase name="testFindUserByCondition" time="0.076" classname="arrow.mdms.service.UserServiceTest"/>
  <testcase name="testUpdateUser" time="0.238" classname="arrow.mdms.service.UserServiceTest"/>
  <testcase name="testFindUserById" time="0.101" classname="arrow.mdms.service.UserServiceTest"/>
  <testcase name="testFindAllUser" time="0.299" classname="arrow.mdms.service.UserServiceTest"/>
</testsuite> <!-- arrow.mdms.service.UserServiceTest -->
